{"C:\\Projects\\TinderClone\\Flame\\backend\\src\\controllers\\authController.js": {"path":"C:\\Projects\\TinderClone\\Flame\\backend\\src\\controllers\\authController.js","statementMap":{"0":{"start":{"line":1,"column":13},"end":{"line":1,"column":38}},"1":{"start":{"line":2,"column":28},"end":{"line":2,"column":68}},"2":{"start":{"line":3,"column":55},"end":{"line":3,"column":91}},"3":{"start":{"line":6,"column":18},"end":{"line":31,"column":1}},"4":{"start":{"line":7,"column":2},"end":{"line":30,"column":3}},"5":{"start":{"line":8,"column":32},"end":{"line":8,"column":40}},"6":{"start":{"line":11,"column":17},"end":{"line":11,"column":46}},"7":{"start":{"line":12,"column":4},"end":{"line":14,"column":5}},"8":{"start":{"line":13,"column":6},"end":{"line":13,"column":68}},"9":{"start":{"line":17,"column":20},"end":{"line":17,"column":66}},"10":{"start":{"line":18,"column":4},"end":{"line":20,"column":5}},"11":{"start":{"line":19,"column":6},"end":{"line":19,"column":68}},"12":{"start":{"line":23,"column":18},"end":{"line":23,"column":37}},"13":{"start":{"line":25,"column":4},"end":{"line":25,"column":42}},"14":{"start":{"line":28,"column":4},"end":{"line":28,"column":44}},"15":{"start":{"line":29,"column":4},"end":{"line":29,"column":30}},"16":{"start":{"line":33,"column":0},"end":{"line":33,"column":31}}},"fnMap":{"0":{"name":"(anonymous_0)","decl":{"start":{"line":6,"column":18},"end":{"line":6,"column":19}},"loc":{"start":{"line":6,"column":38},"end":{"line":31,"column":1}},"line":6}},"branchMap":{"0":{"loc":{"start":{"line":12,"column":4},"end":{"line":14,"column":5}},"type":"if","locations":[{"start":{"line":12,"column":4},"end":{"line":14,"column":5}},{"start":{},"end":{}}],"line":12},"1":{"loc":{"start":{"line":18,"column":4},"end":{"line":20,"column":5}},"type":"if","locations":[{"start":{"line":18,"column":4},"end":{"line":20,"column":5}},{"start":{},"end":{}}],"line":18}},"s":{"0":1,"1":1,"2":1,"3":1,"4":4,"5":4,"6":4,"7":3,"8":1,"9":2,"10":2,"11":1,"12":1,"13":1,"14":1,"15":1,"16":1},"f":{"0":4},"b":{"0":[1,2],"1":[1,1]},"_coverageSchema":"1a1c01bbd47fc00a2c39e90264f33305004495a9","hash":"825e0d71a2bdec65ce584e35fb02b21c99d6943b"}
,"C:\\Projects\\TinderClone\\Flame\\backend\\src\\controllers\\chatController.js": {"path":"C:\\Projects\\TinderClone\\Flame\\backend\\src\\controllers\\chatController.js","statementMap":{"0":{"start":{"line":1,"column":16},"end":{"line":1,"column":44}},"1":{"start":{"line":2,"column":14},"end":{"line":2,"column":40}},"2":{"start":{"line":3,"column":43},"end":{"line":3,"column":79}},"3":{"start":{"line":6,"column":23},"end":{"line":31,"column":1}},"4":{"start":{"line":7,"column":2},"end":{"line":30,"column":3}},"5":{"start":{"line":8,"column":24},"end":{"line":8,"column":34}},"6":{"start":{"line":11,"column":18},"end":{"line":14,"column":6}},"7":{"start":{"line":16,"column":4},"end":{"line":18,"column":5}},"8":{"start":{"line":17,"column":6},"end":{"line":17,"column":56}},"9":{"start":{"line":20,"column":21},"end":{"line":24,"column":39}},"10":{"start":{"line":26,"column":4},"end":{"line":26,"column":46}},"11":{"start":{"line":29,"column":4},"end":{"line":29,"column":45}},"12":{"start":{"line":33,"column":0},"end":{"line":35,"column":2}}},"fnMap":{"0":{"name":"(anonymous_0)","decl":{"start":{"line":6,"column":23},"end":{"line":6,"column":24}},"loc":{"start":{"line":6,"column":43},"end":{"line":31,"column":1}},"line":6}},"branchMap":{"0":{"loc":{"start":{"line":16,"column":4},"end":{"line":18,"column":5}},"type":"if","locations":[{"start":{"line":16,"column":4},"end":{"line":18,"column":5}},{"start":{},"end":{}}],"line":16}},"s":{"0":1,"1":1,"2":1,"3":1,"4":3,"5":3,"6":3,"7":2,"8":1,"9":1,"10":1,"11":1,"12":1},"f":{"0":3},"b":{"0":[1,1]},"_coverageSchema":"1a1c01bbd47fc00a2c39e90264f33305004495a9","hash":"f7dffb9f327f56cdf80a6b04e609638652db886b"}
,"C:\\Projects\\TinderClone\\Flame\\backend\\src\\controllers\\matchController.js": {"path":"C:\\Projects\\TinderClone\\Flame\\backend\\src\\controllers\\matchController.js","statementMap":{"0":{"start":{"line":1,"column":13},"end":{"line":1,"column":38}},"1":{"start":{"line":2,"column":14},"end":{"line":2,"column":40}},"2":{"start":{"line":3,"column":43},"end":{"line":3,"column":79}},"3":{"start":{"line":4,"column":17},"end":{"line":4,"column":36}},"4":{"start":{"line":7,"column":22},"end":{"line":91,"column":1}},"5":{"start":{"line":8,"column":2},"end":{"line":90,"column":3}},"6":{"start":{"line":9,"column":37},"end":{"line":9,"column":45}},"7":{"start":{"line":10,"column":26},"end":{"line":10,"column":37}},"8":{"start":{"line":13,"column":23},"end":{"line":13,"column":56}},"9":{"start":{"line":14,"column":4},"end":{"line":16,"column":5}},"10":{"start":{"line":15,"column":6},"end":{"line":15,"column":55}},"11":{"start":{"line":19,"column":24},"end":{"line":19,"column":58}},"12":{"start":{"line":21,"column":4},"end":{"line":85,"column":5}},"13":{"start":{"line":23,"column":28},"end":{"line":28,"column":8}},"14":{"start":{"line":30,"column":6},"end":{"line":32,"column":7}},"15":{"start":{"line":31,"column":8},"end":{"line":31,"column":82}},"16":{"start":{"line":35,"column":6},"end":{"line":37,"column":7}},"17":{"start":{"line":36,"column":8},"end":{"line":36,"column":83}},"18":{"start":{"line":40,"column":6},"end":{"line":40,"column":43}},"19":{"start":{"line":41,"column":6},"end":{"line":41,"column":31}},"20":{"start":{"line":44,"column":6},"end":{"line":66,"column":7}},"21":{"start":{"line":45,"column":8},"end":{"line":65,"column":9}},"22":{"start":{"line":47,"column":27},"end":{"line":50,"column":12}},"23":{"start":{"line":51,"column":10},"end":{"line":51,"column":32}},"24":{"start":{"line":53,"column":10},"end":{"line":58,"column":13}},"25":{"start":{"line":61,"column":10},"end":{"line":63,"column":11}},"26":{"start":{"line":62,"column":12},"end":{"line":62,"column":62}},"27":{"start":{"line":64,"column":10},"end":{"line":64,"column":22}},"28":{"start":{"line":68,"column":6},"end":{"line":71,"column":9}},"29":{"start":{"line":73,"column":11},"end":{"line":85,"column":5}},"30":{"start":{"line":75,"column":6},"end":{"line":78,"column":7}},"31":{"start":{"line":76,"column":8},"end":{"line":76,"column":48}},"32":{"start":{"line":77,"column":8},"end":{"line":77,"column":33}},"33":{"start":{"line":80,"column":6},"end":{"line":82,"column":9}},"34":{"start":{"line":84,"column":6},"end":{"line":84,"column":55}},"35":{"start":{"line":88,"column":4},"end":{"line":88,"column":52}},"36":{"start":{"line":89,"column":4},"end":{"line":89,"column":30}},"37":{"start":{"line":93,"column":25},"end":{"line":147,"column":1}},"38":{"start":{"line":94,"column":2},"end":{"line":146,"column":3}},"39":{"start":{"line":95,"column":23},"end":{"line":95,"column":33}},"40":{"start":{"line":98,"column":4},"end":{"line":103,"column":5}},"41":{"start":{"line":99,"column":6},"end":{"line":102,"column":9}},"42":{"start":{"line":106,"column":17},"end":{"line":106,"column":44}},"43":{"start":{"line":107,"column":4},"end":{"line":112,"column":5}},"44":{"start":{"line":108,"column":6},"end":{"line":111,"column":9}},"45":{"start":{"line":115,"column":20},"end":{"line":125,"column":6}},"46":{"start":{"line":128,"column":25},"end":{"line":134,"column":6}},"47":{"start":{"line":129,"column":26},"end":{"line":129,"column":91}},"48":{"start":{"line":130,"column":6},"end":{"line":133,"column":8}},"49":{"start":{"line":136,"column":4},"end":{"line":139,"column":7}},"50":{"start":{"line":142,"column":4},"end":{"line":145,"column":7}},"51":{"start":{"line":149,"column":0},"end":{"line":152,"column":2}}},"fnMap":{"0":{"name":"(anonymous_0)","decl":{"start":{"line":7,"column":22},"end":{"line":7,"column":23}},"loc":{"start":{"line":7,"column":42},"end":{"line":91,"column":1}},"line":7},"1":{"name":"(anonymous_1)","decl":{"start":{"line":93,"column":25},"end":{"line":93,"column":26}},"loc":{"start":{"line":93,"column":45},"end":{"line":147,"column":1}},"line":93},"2":{"name":"(anonymous_2)","decl":{"start":{"line":128,"column":37},"end":{"line":128,"column":38}},"loc":{"start":{"line":128,"column":46},"end":{"line":134,"column":5}},"line":128}},"branchMap":{"0":{"loc":{"start":{"line":14,"column":4},"end":{"line":16,"column":5}},"type":"if","locations":[{"start":{"line":14,"column":4},"end":{"line":16,"column":5}},{"start":{},"end":{}}],"line":14},"1":{"loc":{"start":{"line":21,"column":4},"end":{"line":85,"column":5}},"type":"if","locations":[{"start":{"line":21,"column":4},"end":{"line":85,"column":5}},{"start":{"line":73,"column":11},"end":{"line":85,"column":5}}],"line":21},"2":{"loc":{"start":{"line":30,"column":6},"end":{"line":32,"column":7}},"type":"if","locations":[{"start":{"line":30,"column":6},"end":{"line":32,"column":7}},{"start":{},"end":{}}],"line":30},"3":{"loc":{"start":{"line":35,"column":6},"end":{"line":37,"column":7}},"type":"if","locations":[{"start":{"line":35,"column":6},"end":{"line":37,"column":7}},{"start":{},"end":{}}],"line":35},"4":{"loc":{"start":{"line":44,"column":6},"end":{"line":66,"column":7}},"type":"if","locations":[{"start":{"line":44,"column":6},"end":{"line":66,"column":7}},{"start":{},"end":{}}],"line":44},"5":{"loc":{"start":{"line":61,"column":10},"end":{"line":63,"column":11}},"type":"if","locations":[{"start":{"line":61,"column":10},"end":{"line":63,"column":11}},{"start":{},"end":{}}],"line":61},"6":{"loc":{"start":{"line":73,"column":11},"end":{"line":85,"column":5}},"type":"if","locations":[{"start":{"line":73,"column":11},"end":{"line":85,"column":5}},{"start":{"line":83,"column":11},"end":{"line":85,"column":5}}],"line":73},"7":{"loc":{"start":{"line":75,"column":6},"end":{"line":78,"column":7}},"type":"if","locations":[{"start":{"line":75,"column":6},"end":{"line":78,"column":7}},{"start":{},"end":{}}],"line":75},"8":{"loc":{"start":{"line":98,"column":4},"end":{"line":103,"column":5}},"type":"if","locations":[{"start":{"line":98,"column":4},"end":{"line":103,"column":5}},{"start":{},"end":{}}],"line":98},"9":{"loc":{"start":{"line":107,"column":4},"end":{"line":112,"column":5}},"type":"if","locations":[{"start":{"line":107,"column":4},"end":{"line":112,"column":5}},{"start":{},"end":{}}],"line":107},"10":{"loc":{"start":{"line":129,"column":26},"end":{"line":129,"column":91}},"type":"cond-expr","locations":[{"start":{"line":129,"column":66},"end":{"line":129,"column":77}},{"start":{"line":129,"column":80},"end":{"line":129,"column":91}}],"line":129}},"s":{"0":1,"1":1,"2":1,"3":1,"4":1,"5":3,"6":3,"7":3,"8":3,"9":3,"10":1,"11":2,"12":2,"13":0,"14":0,"15":0,"16":0,"17":0,"18":0,"19":0,"20":0,"21":0,"22":0,"23":0,"24":0,"25":0,"26":0,"27":0,"28":0,"29":2,"30":1,"31":1,"32":1,"33":1,"34":1,"35":0,"36":0,"37":1,"38":2,"39":2,"40":2,"41":1,"42":1,"43":1,"44":1,"45":0,"46":0,"47":0,"48":0,"49":0,"50":0,"51":1},"f":{"0":3,"1":2,"2":0},"b":{"0":[1,2],"1":[0,2],"2":[0,0],"3":[0,0],"4":[0,0],"5":[0,0],"6":[1,1],"7":[1,0],"8":[1,1],"9":[1,0],"10":[0,0]},"_coverageSchema":"1a1c01bbd47fc00a2c39e90264f33305004495a9","hash":"a0d53aaccf6fb508873749d43a24b0b38dcd3047"}
,"C:\\Projects\\TinderClone\\Flame\\backend\\src\\helpers\\responseHelper.js": {"path":"C:\\Projects\\TinderClone\\Flame\\backend\\src\\helpers\\responseHelper.js","statementMap":{"0":{"start":{"line":1,"column":12},"end":{"line":1,"column":35}},"1":{"start":{"line":2,"column":23},"end":{"line":2,"column":34}},"2":{"start":{"line":5,"column":22},"end":{"line":11,"column":1}},"3":{"start":{"line":6,"column":2},"end":{"line":10,"column":38}},"4":{"start":{"line":14,"column":27},"end":{"line":20,"column":1}},"5":{"start":{"line":15,"column":2},"end":{"line":19,"column":4}},"6":{"start":{"line":23,"column":24},"end":{"line":29,"column":1}},"7":{"start":{"line":24,"column":2},"end":{"line":28,"column":5}},"8":{"start":{"line":32,"column":22},"end":{"line":37,"column":1}},"9":{"start":{"line":33,"column":2},"end":{"line":36,"column":5}},"10":{"start":{"line":40,"column":21},"end":{"line":45,"column":1}},"11":{"start":{"line":41,"column":2},"end":{"line":44,"column":5}},"12":{"start":{"line":47,"column":0},"end":{"line":53,"column":2}}},"fnMap":{"0":{"name":"(anonymous_0)","decl":{"start":{"line":5,"column":22},"end":{"line":5,"column":23}},"loc":{"start":{"line":5,"column":32},"end":{"line":11,"column":1}},"line":5},"1":{"name":"(anonymous_1)","decl":{"start":{"line":14,"column":27},"end":{"line":14,"column":28}},"loc":{"start":{"line":14,"column":37},"end":{"line":20,"column":1}},"line":14},"2":{"name":"(anonymous_2)","decl":{"start":{"line":23,"column":24},"end":{"line":23,"column":25}},"loc":{"start":{"line":23,"column":87},"end":{"line":29,"column":1}},"line":23},"3":{"name":"(anonymous_3)","decl":{"start":{"line":32,"column":22},"end":{"line":32,"column":23}},"loc":{"start":{"line":32,"column":71},"end":{"line":37,"column":1}},"line":32},"4":{"name":"(anonymous_4)","decl":{"start":{"line":40,"column":21},"end":{"line":40,"column":22}},"loc":{"start":{"line":40,"column":43},"end":{"line":45,"column":1}},"line":40}},"branchMap":{"0":{"loc":{"start":{"line":23,"column":36},"end":{"line":23,"column":68}},"type":"default-arg","locations":[{"start":{"line":23,"column":46},"end":{"line":23,"column":68}}],"line":23},"1":{"loc":{"start":{"line":23,"column":70},"end":{"line":23,"column":82}},"type":"default-arg","locations":[{"start":{"line":23,"column":79},"end":{"line":23,"column":82}}],"line":23},"2":{"loc":{"start":{"line":32,"column":28},"end":{"line":32,"column":52}},"type":"default-arg","locations":[{"start":{"line":32,"column":38},"end":{"line":32,"column":52}}],"line":32},"3":{"loc":{"start":{"line":32,"column":54},"end":{"line":32,"column":66}},"type":"default-arg","locations":[{"start":{"line":32,"column":63},"end":{"line":32,"column":66}}],"line":32}},"s":{"0":4,"1":4,"2":4,"3":1,"4":4,"5":2,"6":4,"7":3,"8":4,"9":4,"10":4,"11":1,"12":4},"f":{"0":1,"1":2,"2":3,"3":4,"4":1},"b":{"0":[2],"1":[2],"2":[1],"3":[1]},"_coverageSchema":"1a1c01bbd47fc00a2c39e90264f33305004495a9","hash":"cb72082e265ab74aeb6bd9967dd885853a0e8fe4"}
,"C:\\Projects\\TinderClone\\Flame\\backend\\src\\middlewares\\authMiddleware.js": {"path":"C:\\Projects\\TinderClone\\Flame\\backend\\src\\middlewares\\authMiddleware.js","statementMap":{"0":{"start":{"line":1,"column":15},"end":{"line":1,"column":34}},"1":{"start":{"line":2,"column":12},"end":{"line":2,"column":35}},"2":{"start":{"line":3,"column":23},"end":{"line":3,"column":34}},"3":{"start":{"line":4,"column":26},"end":{"line":4,"column":62}},"4":{"start":{"line":5,"column":13},"end":{"line":5,"column":38}},"5":{"start":{"line":8,"column":21},"end":{"line":11,"column":1}},"6":{"start":{"line":9,"column":15},"end":{"line":9,"column":39}},"7":{"start":{"line":10,"column":2},"end":{"line":10,"column":43}},"8":{"start":{"line":14,"column":24},"end":{"line":16,"column":1}},"9":{"start":{"line":15,"column":2},"end":{"line":15,"column":56}},"10":{"start":{"line":19,"column":20},"end":{"line":39,"column":1}},"11":{"start":{"line":20,"column":2},"end":{"line":38,"column":3}},"12":{"start":{"line":22,"column":18},"end":{"line":22,"column":69}},"13":{"start":{"line":24,"column":4},"end":{"line":26,"column":5}},"14":{"start":{"line":25,"column":6},"end":{"line":25,"column":58}},"15":{"start":{"line":29,"column":20},"end":{"line":29,"column":49}},"16":{"start":{"line":32,"column":4},"end":{"line":32,"column":23}},"17":{"start":{"line":34,"column":4},"end":{"line":34,"column":11}},"18":{"start":{"line":37,"column":4},"end":{"line":37,"column":63}},"19":{"start":{"line":41,"column":26},"end":{"line":76,"column":1}},"20":{"start":{"line":42,"column":2},"end":{"line":75,"column":3}},"21":{"start":{"line":44,"column":23},"end":{"line":44,"column":51}},"22":{"start":{"line":45,"column":18},"end":{"line":45,"column":56}},"23":{"start":{"line":47,"column":4},"end":{"line":52,"column":5}},"24":{"start":{"line":48,"column":6},"end":{"line":51,"column":9}},"25":{"start":{"line":55,"column":20},"end":{"line":55,"column":61}},"26":{"start":{"line":58,"column":17},"end":{"line":58,"column":68}},"27":{"start":{"line":59,"column":4},"end":{"line":64,"column":5}},"28":{"start":{"line":60,"column":6},"end":{"line":63,"column":9}},"29":{"start":{"line":67,"column":4},"end":{"line":67,"column":20}},"30":{"start":{"line":68,"column":4},"end":{"line":68,"column":11}},"31":{"start":{"line":71,"column":4},"end":{"line":74,"column":7}},"32":{"start":{"line":78,"column":0},"end":{"line":83,"column":2}}},"fnMap":{"0":{"name":"(anonymous_0)","decl":{"start":{"line":8,"column":21},"end":{"line":8,"column":22}},"loc":{"start":{"line":8,"column":41},"end":{"line":11,"column":1}},"line":8},"1":{"name":"(anonymous_1)","decl":{"start":{"line":14,"column":24},"end":{"line":14,"column":25}},"loc":{"start":{"line":14,"column":60},"end":{"line":16,"column":1}},"line":14},"2":{"name":"(anonymous_2)","decl":{"start":{"line":19,"column":20},"end":{"line":19,"column":21}},"loc":{"start":{"line":19,"column":40},"end":{"line":39,"column":1}},"line":19},"3":{"name":"(anonymous_3)","decl":{"start":{"line":41,"column":26},"end":{"line":41,"column":27}},"loc":{"start":{"line":41,"column":52},"end":{"line":76,"column":1}},"line":41}},"branchMap":{"0":{"loc":{"start":{"line":24,"column":4},"end":{"line":26,"column":5}},"type":"if","locations":[{"start":{"line":24,"column":4},"end":{"line":26,"column":5}},{"start":{},"end":{}}],"line":24},"1":{"loc":{"start":{"line":45,"column":18},"end":{"line":45,"column":56}},"type":"binary-expr","locations":[{"start":{"line":45,"column":18},"end":{"line":45,"column":28}},{"start":{"line":45,"column":32},"end":{"line":45,"column":56}}],"line":45},"2":{"loc":{"start":{"line":47,"column":4},"end":{"line":52,"column":5}},"type":"if","locations":[{"start":{"line":47,"column":4},"end":{"line":52,"column":5}},{"start":{},"end":{}}],"line":47},"3":{"loc":{"start":{"line":59,"column":4},"end":{"line":64,"column":5}},"type":"if","locations":[{"start":{"line":59,"column":4},"end":{"line":64,"column":5}},{"start":{},"end":{}}],"line":59}},"s":{"0":2,"1":2,"2":2,"3":2,"4":2,"5":2,"6":1,"7":1,"8":2,"9":1,"10":2,"11":3,"12":3,"13":3,"14":1,"15":2,"16":1,"17":1,"18":1,"19":2,"20":4,"21":4,"22":4,"23":4,"24":1,"25":3,"26":2,"27":2,"28":1,"29":1,"30":1,"31":1,"32":2},"f":{"0":1,"1":1,"2":3,"3":4},"b":{"0":[1,2],"1":[4,3],"2":[1,3],"3":[1,1]},"_coverageSchema":"1a1c01bbd47fc00a2c39e90264f33305004495a9","hash":"1b357864df3f4535b8e716bbf895682669acadcf"}
,"C:\\Projects\\TinderClone\\Flame\\backend\\src\\middlewares\\validationMiddleware.js": {"path":"C:\\Projects\\TinderClone\\Flame\\backend\\src\\middlewares\\validationMiddleware.js","statementMap":{"0":{"start":{"line":1,"column":35},"end":{"line":1,"column":63}},"1":{"start":{"line":3,"column":25},"end":{"line":67,"column":1}},"2":{"start":{"line":61,"column":19},"end":{"line":61,"column":40}},"3":{"start":{"line":62,"column":4},"end":{"line":64,"column":5}},"4":{"start":{"line":63,"column":6},"end":{"line":63,"column":62}},"5":{"start":{"line":65,"column":4},"end":{"line":65,"column":11}},"6":{"start":{"line":70,"column":22},"end":{"line":88,"column":1}},"7":{"start":{"line":82,"column":19},"end":{"line":82,"column":40}},"8":{"start":{"line":83,"column":4},"end":{"line":85,"column":5}},"9":{"start":{"line":84,"column":6},"end":{"line":84,"column":62}},"10":{"start":{"line":86,"column":4},"end":{"line":86,"column":11}},"11":{"start":{"line":91,"column":22},"end":{"line":111,"column":1}},"12":{"start":{"line":105,"column":19},"end":{"line":105,"column":40}},"13":{"start":{"line":106,"column":4},"end":{"line":108,"column":5}},"14":{"start":{"line":107,"column":6},"end":{"line":107,"column":62}},"15":{"start":{"line":109,"column":4},"end":{"line":109,"column":11}},"16":{"start":{"line":113,"column":0},"end":{"line":117,"column":2}}},"fnMap":{"0":{"name":"(anonymous_0)","decl":{"start":{"line":60,"column":2},"end":{"line":60,"column":3}},"loc":{"start":{"line":60,"column":22},"end":{"line":66,"column":3}},"line":60},"1":{"name":"(anonymous_1)","decl":{"start":{"line":81,"column":2},"end":{"line":81,"column":3}},"loc":{"start":{"line":81,"column":22},"end":{"line":87,"column":3}},"line":81},"2":{"name":"(anonymous_2)","decl":{"start":{"line":104,"column":2},"end":{"line":104,"column":3}},"loc":{"start":{"line":104,"column":22},"end":{"line":110,"column":3}},"line":104}},"branchMap":{"0":{"loc":{"start":{"line":62,"column":4},"end":{"line":64,"column":5}},"type":"if","locations":[{"start":{"line":62,"column":4},"end":{"line":64,"column":5}},{"start":{},"end":{}}],"line":62},"1":{"loc":{"start":{"line":83,"column":4},"end":{"line":85,"column":5}},"type":"if","locations":[{"start":{"line":83,"column":4},"end":{"line":85,"column":5}},{"start":{},"end":{}}],"line":83},"2":{"loc":{"start":{"line":106,"column":4},"end":{"line":108,"column":5}},"type":"if","locations":[{"start":{"line":106,"column":4},"end":{"line":108,"column":5}},{"start":{},"end":{}}],"line":106}},"s":{"0":1,"1":1,"2":6,"3":6,"4":5,"5":1,"6":1,"7":2,"8":2,"9":1,"10":1,"11":1,"12":3,"13":3,"14":2,"15":1,"16":1},"f":{"0":6,"1":2,"2":3},"b":{"0":[5,1],"1":[1,1],"2":[2,1]},"_coverageSchema":"1a1c01bbd47fc00a2c39e90264f33305004495a9","hash":"fd77048e83e5d1e9a1fa0c30e0ddf360692167c3"}
,"C:\\Projects\\TinderClone\\Flame\\backend\\src\\models\\Match.js": {"path":"C:\\Projects\\TinderClone\\Flame\\backend\\src\\models\\Match.js","statementMap":{"0":{"start":{"line":1,"column":26},"end":{"line":1,"column":45}},"1":{"start":{"line":3,"column":20},"end":{"line":28,"column":2}},"2":{"start":{"line":32,"column":0},"end":{"line":32,"column":60}},"3":{"start":{"line":33,"column":0},"end":{"line":33,"column":60}},"4":{"start":{"line":35,"column":0},"end":{"line":35,"column":45}}},"fnMap":{},"branchMap":{},"s":{"0":2,"1":2,"2":2,"3":2,"4":2},"f":{},"b":{},"_coverageSchema":"1a1c01bbd47fc00a2c39e90264f33305004495a9","hash":"217da1fae2a8fb61d079d49856d738c2b41b9a33"}
,"C:\\Projects\\TinderClone\\Flame\\backend\\src\\models\\Message.js": {"path":"C:\\Projects\\TinderClone\\Flame\\backend\\src\\models\\Message.js","statementMap":{"0":{"start":{"line":1,"column":26},"end":{"line":1,"column":45}},"1":{"start":{"line":3,"column":22},"end":{"line":36,"column":2}},"2":{"start":{"line":20,"column":8},"end":{"line":20,"column":60}},"3":{"start":{"line":38,"column":0},"end":{"line":38,"column":49}}},"fnMap":{"0":{"name":"(anonymous_0)","decl":{"start":{"line":19,"column":17},"end":{"line":19,"column":18}},"loc":{"start":{"line":19,"column":29},"end":{"line":21,"column":7}},"line":19}},"branchMap":{"0":{"loc":{"start":{"line":20,"column":15},"end":{"line":20,"column":59}},"type":"binary-expr","locations":[{"start":{"line":20,"column":15},"end":{"line":20,"column":16}},{"start":{"line":20,"column":20},"end":{"line":20,"column":59}}],"line":20}},"s":{"0":1,"1":1,"2":0,"3":1},"f":{"0":0},"b":{"0":[0,0]},"_coverageSchema":"1a1c01bbd47fc00a2c39e90264f33305004495a9","hash":"2d895067b359173df2a3e85f04952c536806f759"}
,"C:\\Projects\\TinderClone\\Flame\\backend\\src\\models\\User.js": {"path":"C:\\Projects\\TinderClone\\Flame\\backend\\src\\models\\User.js","statementMap":{"0":{"start":{"line":1,"column":24},"end":{"line":1,"column":43}},"1":{"start":{"line":3,"column":19},"end":{"line":102,"column":2}},"2":{"start":{"line":104,"column":0},"end":{"line":104,"column":43}}},"fnMap":{},"branchMap":{},"s":{"0":3,"1":3,"2":3},"f":{},"b":{},"_coverageSchema":"1a1c01bbd47fc00a2c39e90264f33305004495a9","hash":"04a8dbf6860a7f53c74c05102e49801934d1431a"}
}
