TN:
SF:src\controllers\authController.js
FN:6,(anonymous_0)
FNF:1
FNH:1
FNDA:4,(anonymous_0)
DA:1,1
DA:2,1
DA:3,1
DA:6,1
DA:7,4
DA:8,4
DA:11,4
DA:12,3
DA:13,1
DA:17,2
DA:18,2
DA:19,1
DA:23,1
DA:25,1
DA:28,1
DA:29,1
DA:33,1
LF:17
LH:17
BRDA:12,0,0,1
BRDA:12,0,1,2
BRDA:18,1,0,1
BRDA:18,1,1,1
BRF:4
BRH:4
end_of_record
TN:
SF:src\controllers\chatController.js
FN:6,(anonymous_0)
FNF:1
FNH:1
FNDA:3,(anonymous_0)
DA:1,1
DA:2,1
DA:3,1
DA:6,1
DA:7,3
DA:8,3
DA:11,3
DA:16,2
DA:17,1
DA:20,1
DA:26,1
DA:29,1
DA:33,1
LF:13
LH:13
BRDA:16,0,0,1
BRDA:16,0,1,1
BRF:2
BRH:2
end_of_record
TN:
SF:src\controllers\matchController.js
FN:7,(anonymous_0)
FN:93,(anonymous_1)
FN:128,(anonymous_2)
FNF:3
FNH:2
FNDA:3,(anonymous_0)
FNDA:2,(anonymous_1)
FNDA:0,(anonymous_2)
DA:1,1
DA:2,1
DA:3,1
DA:4,1
DA:7,1
DA:8,3
DA:9,3
DA:10,3
DA:13,3
DA:14,3
DA:15,1
DA:19,2
DA:21,2
DA:23,0
DA:30,0
DA:31,0
DA:35,0
DA:36,0
DA:40,0
DA:41,0
DA:44,0
DA:45,0
DA:47,0
DA:51,0
DA:53,0
DA:61,0
DA:62,0
DA:64,0
DA:68,0
DA:73,2
DA:75,1
DA:76,1
DA:77,1
DA:80,1
DA:84,1
DA:88,0
DA:89,0
DA:93,1
DA:94,2
DA:95,2
DA:98,2
DA:99,1
DA:106,1
DA:107,1
DA:108,1
DA:115,0
DA:128,0
DA:129,0
DA:130,0
DA:136,0
DA:142,0
DA:149,1
LF:52
LH:28
BRDA:14,0,0,1
BRDA:14,0,1,2
BRDA:21,1,0,0
BRDA:21,1,1,2
BRDA:30,2,0,0
BRDA:30,2,1,0
BRDA:35,3,0,0
BRDA:35,3,1,0
BRDA:44,4,0,0
BRDA:44,4,1,0
BRDA:61,5,0,0
BRDA:61,5,1,0
BRDA:73,6,0,1
BRDA:73,6,1,1
BRDA:75,7,0,1
BRDA:75,7,1,0
BRDA:98,8,0,1
BRDA:98,8,1,1
BRDA:107,9,0,1
BRDA:107,9,1,0
BRDA:129,10,0,0
BRDA:129,10,1,0
BRF:22
BRH:9
end_of_record
TN:
SF:src\helpers\responseHelper.js
FN:5,(anonymous_0)
FN:14,(anonymous_1)
FN:23,(anonymous_2)
FN:32,(anonymous_3)
FN:40,(anonymous_4)
FNF:5
FNH:5
FNDA:1,(anonymous_0)
FNDA:2,(anonymous_1)
FNDA:3,(anonymous_2)
FNDA:4,(anonymous_3)
FNDA:1,(anonymous_4)
DA:1,4
DA:2,4
DA:5,4
DA:6,1
DA:14,4
DA:15,2
DA:23,4
DA:24,3
DA:32,4
DA:33,4
DA:40,4
DA:41,1
DA:47,4
LF:13
LH:13
BRDA:23,0,0,2
BRDA:23,1,0,2
BRDA:32,2,0,1
BRDA:32,3,0,1
BRF:4
BRH:4
end_of_record
TN:
SF:src\middlewares\authMiddleware.js
FN:8,(anonymous_0)
FN:14,(anonymous_1)
FN:19,(anonymous_2)
FN:41,(anonymous_3)
FNF:4
FNH:4
FNDA:1,(anonymous_0)
FNDA:1,(anonymous_1)
FNDA:3,(anonymous_2)
FNDA:4,(anonymous_3)
DA:1,2
DA:2,2
DA:3,2
DA:4,2
DA:5,2
DA:8,2
DA:9,1
DA:10,1
DA:14,2
DA:15,1
DA:19,2
DA:20,3
DA:22,3
DA:24,3
DA:25,1
DA:29,2
DA:32,1
DA:34,1
DA:37,1
DA:41,2
DA:42,4
DA:44,4
DA:45,4
DA:47,4
DA:48,1
DA:55,3
DA:58,2
DA:59,2
DA:60,1
DA:67,1
DA:68,1
DA:71,1
DA:78,2
LF:33
LH:33
BRDA:24,0,0,1
BRDA:24,0,1,2
BRDA:45,1,0,4
BRDA:45,1,1,3
BRDA:47,2,0,1
BRDA:47,2,1,3
BRDA:59,3,0,1
BRDA:59,3,1,1
BRF:8
BRH:8
end_of_record
TN:
SF:src\middlewares\validationMiddleware.js
FN:60,(anonymous_0)
FN:81,(anonymous_1)
FN:104,(anonymous_2)
FNF:3
FNH:3
FNDA:6,(anonymous_0)
FNDA:2,(anonymous_1)
FNDA:3,(anonymous_2)
DA:1,1
DA:3,1
DA:61,6
DA:62,6
DA:63,5
DA:65,1
DA:70,1
DA:82,2
DA:83,2
DA:84,1
DA:86,1
DA:91,1
DA:105,3
DA:106,3
DA:107,2
DA:109,1
DA:113,1
LF:17
LH:17
BRDA:62,0,0,5
BRDA:62,0,1,1
BRDA:83,1,0,1
BRDA:83,1,1,1
BRDA:106,2,0,2
BRDA:106,2,1,1
BRF:6
BRH:6
end_of_record
TN:
SF:src\models\Match.js
FNF:0
FNH:0
DA:1,2
DA:3,2
DA:32,2
DA:33,2
DA:35,2
LF:5
LH:5
BRF:0
BRH:0
end_of_record
TN:
SF:src\models\Message.js
FN:19,(anonymous_0)
FNF:1
FNH:0
FNDA:0,(anonymous_0)
DA:1,1
DA:3,1
DA:20,0
DA:38,1
LF:4
LH:3
BRDA:20,0,0,0
BRDA:20,0,1,0
BRF:2
BRH:0
end_of_record
TN:
SF:src\models\User.js
FNF:0
FNH:0
DA:1,3
DA:3,3
DA:104,3
LF:3
LH:3
BRF:0
BRH:0
end_of_record
